Using pre-set license
Built from '2022.3/staging' branch; Version is '2022.3.8f1 (b5eafc012955) revision 11922172'; Using compiler version '192829333'; Build Type 'Release'
OS: 'Windows 10  (10.0.19045) 64bit Core' Language: 'ko' Physical Memory: 16201 MB
BatchMode: 1, IsHumanControllingUs: 0, StartBugReporterOnCrash: 0, Is64bit: 1, IsPro: 1

COMMAND LINE ARGUMENTS:
C:\Program Files\Unity\Hub\Editor\2022.3.8f1\Editor\Unity.exe
-adb2
-batchMode
-noUpm
-name
AssetImportWorker0
-projectPath
C:/Users/tldhs/delicious/AILearn
-logFile
Logs/AssetImportWorker0.log
-srvPort
58310
Successfully changed project path to: C:/Users/tldhs/delicious/AILearn
C:/Users/tldhs/delicious/AILearn
[UnityMemory] Configuration Parameters - Can be set up in boot.config
    "memorysetup-bucket-allocator-granularity=16"
    "memorysetup-bucket-allocator-bucket-count=8"
    "memorysetup-bucket-allocator-block-size=33554432"
    "memorysetup-bucket-allocator-block-count=8"
    "memorysetup-main-allocator-block-size=16777216"
    "memorysetup-thread-allocator-block-size=16777216"
    "memorysetup-gfx-main-allocator-block-size=16777216"
    "memorysetup-gfx-thread-allocator-block-size=16777216"
    "memorysetup-cache-allocator-block-size=4194304"
    "memorysetup-typetree-allocator-block-size=2097152"
    "memorysetup-profiler-bucket-allocator-granularity=16"
    "memorysetup-profiler-bucket-allocator-bucket-count=8"
    "memorysetup-profiler-bucket-allocator-block-size=33554432"
    "memorysetup-profiler-bucket-allocator-block-count=8"
    "memorysetup-profiler-allocator-block-size=16777216"
    "memorysetup-profiler-editor-allocator-block-size=1048576"
    "memorysetup-temp-allocator-size-main=16777216"
    "memorysetup-job-temp-allocator-block-size=2097152"
    "memorysetup-job-temp-allocator-block-size-background=1048576"
    "memorysetup-job-temp-allocator-reduction-small-platforms=262144"
    "memorysetup-allocator-temp-initial-block-size-main=262144"
    "memorysetup-allocator-temp-initial-block-size-worker=262144"
    "memorysetup-temp-allocator-size-background-worker=32768"
    "memorysetup-temp-allocator-size-job-worker=262144"
    "memorysetup-temp-allocator-size-preload-manager=33554432"
    "memorysetup-temp-allocator-size-nav-mesh-worker=65536"
    "memorysetup-temp-allocator-size-audio-worker=65536"
    "memorysetup-temp-allocator-size-cloud-worker=32768"
    "memorysetup-temp-allocator-size-gi-baking-worker=262144"
    "memorysetup-temp-allocator-size-gfx=262144"
Player connection [20432] Host "[IP] 192.168.50.47 [Port] 0 [Flags] 2 [Guid] 4131022309 [EditorId] 4131022309 [Version] 1048832 [Id] WindowsEditor(7,DESKTOP-HM5FRIT) [Debug] 1 [PackageName] WindowsEditor [ProjectName] Editor" joined multi-casting on [225.0.0.222:54997]...

Player connection [20432] Host "[IP] 192.168.50.47 [Port] 0 [Flags] 2 [Guid] 4131022309 [EditorId] 4131022309 [Version] 1048832 [Id] WindowsEditor(7,DESKTOP-HM5FRIT) [Debug] 1 [PackageName] WindowsEditor [ProjectName] Editor" joined alternative multi-casting on [225.0.0.222:34997]...

[Physics::Module] Initialized MultithreadedJobDispatcher with 11 workers.
Refreshing native plugins compatible for Editor in 12.30 ms, found 3 plugins.
Preloading 0 native plugins for Editor in 0.00 ms.
Initialize engine version: 2022.3.8f1 (b5eafc012955)
[Subsystems] Discovering subsystems at path C:/Program Files/Unity/Hub/Editor/2022.3.8f1/Editor/Data/Resources/UnitySubsystems
[Subsystems] Discovering subsystems at path C:/Users/tldhs/delicious/AILearn/Assets
GfxDevice: creating device client; threaded=0; jobified=0
Direct3D:
    Version:  Direct3D 11.0 [level 11.1]
    Renderer: NVIDIA GeForce GTX 1650 with Max-Q Design (ID=0x1f99)
    Vendor:   NVIDIA
    VRAM:     3962 MB
    Driver:   27.21.14.6221
Initialize mono
Mono path[0] = 'C:/Program Files/Unity/Hub/Editor/2022.3.8f1/Editor/Data/Managed'
Mono path[1] = 'C:/Program Files/Unity/Hub/Editor/2022.3.8f1/Editor/Data/MonoBleedingEdge/lib/mono/unityjit-win32'
Mono config path = 'C:/Program Files/Unity/Hub/Editor/2022.3.8f1/Editor/Data/MonoBleedingEdge/etc'
Using monoOptions --debugger-agent=transport=dt_socket,embedding=1,server=y,suspend=n,address=127.0.0.1:56608
Begin MonoManager ReloadAssembly
Registering precompiled unity dll's ...
Register platform support module: C:/Program Files/Unity/Hub/Editor/2022.3.8f1/Editor/Data/PlaybackEngines/AndroidPlayer/UnityEditor.Android.Extensions.dll
Register platform support module: C:/Program Files/Unity/Hub/Editor/2022.3.8f1/Editor/Data/PlaybackEngines/WindowsStandaloneSupport/UnityEditor.WindowsStandalone.Extensions.dll
Registered in 0.021913 seconds.
- Loaded All Assemblies, in  0.547 seconds
Native extension for WindowsStandalone target not found
Native extension for Android target not found
Android Extension - Scanning For ADB Devices 427 ms
Mono: successfully reloaded assembly
- Finished resetting the current domain, in  0.799 seconds
Domain Reload Profiling: 1342ms
	BeginReloadAssembly (180ms)
		ExecutionOrderSort (0ms)
		DisableScriptedObjects (0ms)
		BackupInstance (0ms)
		ReleaseScriptingObjects (0ms)
		CreateAndSetChildDomain (1ms)
	RebuildCommonClasses (39ms)
	RebuildNativeTypeToScriptingClass (14ms)
	initialDomainReloadingComplete (91ms)
	LoadAllAssembliesAndSetupDomain (217ms)
		LoadAssemblies (177ms)
		RebuildTransferFunctionScriptingTraits (0ms)
		AnalyzeDomain (213ms)
			TypeCache.Refresh (211ms)
				TypeCache.ScanAssembly (192ms)
			ScanForSourceGeneratedMonoScriptInfo (0ms)
			ResolveRequiredComponents (0ms)
	FinalizeReload (800ms)
		ReleaseScriptCaches (0ms)
		RebuildScriptCaches (0ms)
		SetupLoadedEditorAssemblies (734ms)
			LogAssemblyErrors (0ms)
			InitializePlatformSupportModulesInManaged (552ms)
			SetLoadedEditorAssemblies (4ms)
			RefreshPlugins (0ms)
			BeforeProcessingInitializeOnLoad (2ms)
			ProcessInitializeOnLoadAttributes (107ms)
			ProcessInitializeOnLoadMethodAttributes (68ms)
			AfterProcessingInitializeOnLoad (0ms)
			EditorAssembliesLoaded (0ms)
		ExecutionOrderSort2 (0ms)
		AwakeInstancesAfterBackupRestoration (0ms)
========================================================================
Worker process is ready to serve import requests
Begin MonoManager ReloadAssembly
- Loaded All Assemblies, in  0.967 seconds
Refreshing native plugins compatible for Editor in 7.58 ms, found 3 plugins.
Native extension for WindowsStandalone target not found
Native extension for Android target not found
Package Manager log level set to [2]
[Package Manager] Server::EnsureServerProcessIsRunning -- launch failed, reason: Unity was launched with the -noUpm command-line argument
[Package Manager] UpmClient::Send -- Unable to send message (not connected to UPM process).
[Package Manager] Cannot connect to Unity Package Manager local server
Mono: successfully reloaded assembly
- Finished resetting the current domain, in  0.691 seconds
Domain Reload Profiling: 1652ms
	BeginReloadAssembly (207ms)
		ExecutionOrderSort (0ms)
		DisableScriptedObjects (5ms)
		BackupInstance (0ms)
		ReleaseScriptingObjects (0ms)
		CreateAndSetChildDomain (26ms)
	RebuildCommonClasses (45ms)
	RebuildNativeTypeToScriptingClass (14ms)
	initialDomainReloadingComplete (53ms)
	LoadAllAssembliesAndSetupDomain (642ms)
		LoadAssemblies (533ms)
		RebuildTransferFunctionScriptingTraits (0ms)
		AnalyzeDomain (242ms)
			TypeCache.Refresh (215ms)
				TypeCache.ScanAssembly (190ms)
			ScanForSourceGeneratedMonoScriptInfo (18ms)
			ResolveRequiredComponents (6ms)
	FinalizeReload (691ms)
		ReleaseScriptCaches (0ms)
		RebuildScriptCaches (0ms)
		SetupLoadedEditorAssemblies (494ms)
			LogAssemblyErrors (0ms)
			InitializePlatformSupportModulesInManaged (36ms)
			SetLoadedEditorAssemblies (4ms)
			RefreshPlugins (0ms)
			BeforeProcessingInitializeOnLoad (80ms)
			ProcessInitializeOnLoadAttributes (339ms)
			ProcessInitializeOnLoadMethodAttributes (20ms)
			AfterProcessingInitializeOnLoad (15ms)
			EditorAssembliesLoaded (0ms)
		ExecutionOrderSort2 (0ms)
		AwakeInstancesAfterBackupRestoration (15ms)
Launched and connected shader compiler UnityShaderCompiler.exe after 0.06 seconds
Refreshing native plugins compatible for Editor in 10.45 ms, found 3 plugins.
Preloading 0 native plugins for Editor in 0.00 ms.
Unloading 3093 Unused Serialized files (Serialized files now loaded: 0)
Unloading 31 unused Assets / (56.3 KB). Loaded Objects now: 3561.
Memory consumption went from 125.3 MB to 125.2 MB.
Total: 4.141800 ms (FindLiveObjects: 0.274300 ms CreateObjectMapping: 0.349200 ms MarkObjects: 3.365200 ms  DeleteObjects: 0.151900 ms)

AssetImportParameters requested are different than current active one (requested -> active):
  custom:container-demuxer-ogg: 62fdf1f143b41e24485cea50d1cbac27 -> 
  custom:video-decoder-ogg-theora: a1e56fd34408186e4bbccfd4996cb3dc -> 
  custom:framework-win-MediaFoundation: 216162199b28c13a410421893ffa2e32 -> 
  custom:CustomObjectIndexerAttribute: 756ad292c208cfabdd7b50bc23989ffe -> 
  custom:container-demuxer-webm: 4f35f7cbe854078d1ac9338744f61a02 -> 
  custom:container-muxer-webm: aa71ff27fc2769a1b78a27578f13a17b -> 
  custom:video-decoder-webm-vp8: 9c59270c3fd7afecdb556c50c9e8de78 -> 
  custom:SearchIndexIgnoredProperties: e643bd26f0fe6173181afceb89e7c659 -> 
  custom:AudioImporter_EditorPlatform: d09bf68614088b80899f8185d706f6e7 -> 
  custom:video-encoder-webm-vp8: eb34c28f22e8b96e1ab97ce403110664 -> 
  custom:audio-decoder-ogg-vorbis: bf7c407c2cedff20999df2af8eb42d56 -> 
  custom:audio-encoder-webm-vorbis: bf7c407c2cedff20999df2af8eb42d56 -> 
========================================================================
Received Import Request.
  Time since last request: 576650.352345 seconds.
  path: Assets/Prefabs/Block.prefab
  artifactKey: Guid(2d62c2fe0e4714149a4323732e3fac93) Importer(815301076,1909f56bfc062723c751e8b465ee728b)
Start importing Assets/Prefabs/Block.prefab using Guid(2d62c2fe0e4714149a4323732e3fac93) Importer(815301076,1909f56bfc062723c751e8b465ee728b)  -> (artifact id: 'aba532f960e65468965d5e177ae01e28') in 0.239100 seconds
Number of updated asset objects reloaded before import = 0
Number of asset objects unloaded after import = 10
========================================================================
Received Import Request.
  Time since last request: 0.000031 seconds.
  path: Assets/Prefabs/Player_Key_P1.prefab
  artifactKey: Guid(827d80e9463247445b5aafdec9bbbe02) Importer(815301076,1909f56bfc062723c751e8b465ee728b)
Start importing Assets/Prefabs/Player_Key_P1.prefab using Guid(827d80e9463247445b5aafdec9bbbe02) Importer(815301076,1909f56bfc062723c751e8b465ee728b)  -> (artifact id: 'bd72ed75632e4a037987cfa1f2b10f57') in 0.419905 seconds
Number of updated asset objects reloaded before import = 0
Number of asset objects unloaded after import = 479
========================================================================
Received Import Request.
  Time since last request: 0.000040 seconds.
  path: Assets/Prefabs/HitEffect_Player.prefab
  artifactKey: Guid(8aa771c530fce1f40b1d926e7d4df80a) Importer(815301076,1909f56bfc062723c751e8b465ee728b)
Start importing Assets/Prefabs/HitEffect_Player.prefab using Guid(8aa771c530fce1f40b1d926e7d4df80a) Importer(815301076,1909f56bfc062723c751e8b465ee728b)  -> (artifact id: '3b3eb0b1ab7c2d21eebbfc3278ab0c17') in 0.039256 seconds
Number of updated asset objects reloaded before import = 0
Number of asset objects unloaded after import = 11
========================================================================
Received Import Request.
  Time since last request: 5.767651 seconds.
  path: Assets/UnityChan/Models/unitychan.fbx
  artifactKey: Guid(8f0565f23a2b58541a475bd3c1393052) Importer(815301076,1909f56bfc062723c751e8b465ee728b)
Start importing Assets/UnityChan/Models/unitychan.fbx using Guid(8f0565f23a2b58541a475bd3c1393052) Importer(815301076,1909f56bfc062723c751e8b465ee728b)  -> (artifact id: '129744e6173f86c0092e5801f944c7b2') in 0.446538 seconds
Number of updated asset objects reloaded before import = 0
Number of asset objects unloaded after import = 411
========================================================================
Received Import Request.
  Time since last request: 0.000021 seconds.
  path: Assets/UnityChan/Animations/unitychan_WALK00_B.fbx
  artifactKey: Guid(20fd7934e77f68e4983c9c0fe97c7117) Importer(815301076,1909f56bfc062723c751e8b465ee728b)
Start importing Assets/UnityChan/Animations/unitychan_WALK00_B.fbx using Guid(20fd7934e77f68e4983c9c0fe97c7117) Importer(815301076,1909f56bfc062723c751e8b465ee728b)  -> (artifact id: 'aa28903ccbd372306767248dc222ce98') in 0.156065 seconds
Number of updated asset objects reloaded before import = 0
Number of asset objects unloaded after import = 325
========================================================================
Received Import Request.
  Time since last request: 0.000024 seconds.
  path: Assets/UnityChan/Animations/unitychan_WIN00.fbx
  artifactKey: Guid(e2538d48c03da46a8b0c3b59d39a4cab) Importer(815301076,1909f56bfc062723c751e8b465ee728b)
Start importing Assets/UnityChan/Animations/unitychan_WIN00.fbx using Guid(e2538d48c03da46a8b0c3b59d39a4cab) Importer(815301076,1909f56bfc062723c751e8b465ee728b)  -> (artifact id: 'ac9a954f1bdd83ef4480e3dbf95c556b') in 0.062732 seconds
Number of updated asset objects reloaded before import = 0
Number of asset objects unloaded after import = 325
========================================================================
Received Import Request.
  Time since last request: 0.000031 seconds.
  path: Assets/UnityChan/Animations/unitychan_WAIT03.fbx
  artifactKey: Guid(f98ead48d3193eb43a7839c6847a5b13) Importer(815301076,1909f56bfc062723c751e8b465ee728b)
Start importing Assets/UnityChan/Animations/unitychan_WAIT03.fbx using Guid(f98ead48d3193eb43a7839c6847a5b13) Importer(815301076,1909f56bfc062723c751e8b465ee728b)  -> (artifact id: '6518dfb029b6514b7e01da58652eb206') in 0.072932 seconds
Number of updated asset objects reloaded before import = 0
Number of asset objects unloaded after import = 325
========================================================================
Received Import Request.
  Time since last request: 0.000022 seconds.
  path: Assets/UnityChan/Animations/unitychan_WAIT00.fbx
  artifactKey: Guid(0147e212f97e3d449a4b9e4f5d057180) Importer(815301076,1909f56bfc062723c751e8b465ee728b)
Start importing Assets/UnityChan/Animations/unitychan_WAIT00.fbx using Guid(0147e212f97e3d449a4b9e4f5d057180) Importer(815301076,1909f56bfc062723c751e8b465ee728b)  -> (artifact id: '54f7f54f9da0c9251dcf3fff5bc6a4a1') in 0.060110 seconds
Number of updated asset objects reloaded before import = 0
Number of asset objects unloaded after import = 325
========================================================================
Received Import Request.
  Time since last request: 0.000016 seconds.
  path: Assets/UnityChan/Animations/unitychan_WAIT01.fbx
  artifactKey: Guid(1e79f5e733df84044a45d6ab05035627) Importer(815301076,1909f56bfc062723c751e8b465ee728b)
Start importing Assets/UnityChan/Animations/unitychan_WAIT01.fbx using Guid(1e79f5e733df84044a45d6ab05035627) Importer(815301076,1909f56bfc062723c751e8b465ee728b)  -> (artifact id: '577ae79d8ed9716253082d3b530c1728') in 0.064684 seconds
Number of updated asset objects reloaded before import = 0
Number of asset objects unloaded after import = 325
========================================================================
Received Import Request.
  Time since last request: 0.000018 seconds.
  path: Assets/UnityChan/Animations/unitychan_WALK00_F.fbx
  artifactKey: Guid(e52be2fa48716194ea1d9d76686005f8) Importer(815301076,1909f56bfc062723c751e8b465ee728b)
Start importing Assets/UnityChan/Animations/unitychan_WALK00_F.fbx using Guid(e52be2fa48716194ea1d9d76686005f8) Importer(815301076,1909f56bfc062723c751e8b465ee728b)  -> (artifact id: 'fa4be92f7ba4b1503f5f687e060a77e7') in 0.058981 seconds
Number of updated asset objects reloaded before import = 0
Number of asset objects unloaded after import = 325
========================================================================
Received Import Request.
  Time since last request: 0.000025 seconds.
  path: Assets/UnityChan/Stage/Materials/unitychan_tile5.mat
  artifactKey: Guid(0fabbaa20a36d468a84e4925db02ecc5) Importer(815301076,1909f56bfc062723c751e8b465ee728b)
Start importing Assets/UnityChan/Stage/Materials/unitychan_tile5.mat using Guid(0fabbaa20a36d468a84e4925db02ecc5) Importer(815301076,1909f56bfc062723c751e8b465ee728b)  -> (artifact id: 'cb8a9782a10dc8989d2dfe0313cbcd9b') in 0.146042 seconds
Number of updated asset objects reloaded before import = 0
Number of asset objects unloaded after import = 3
========================================================================
Received Import Request.
  Time since last request: 0.000021 seconds.
  path: Assets/UnityChan/Models/Materials/eye_R1.mat
  artifactKey: Guid(a87def7cf3654cc43add52e645fee2ce) Importer(815301076,1909f56bfc062723c751e8b465ee728b)
Start importing Assets/UnityChan/Models/Materials/eye_R1.mat using Guid(a87def7cf3654cc43add52e645fee2ce) Importer(815301076,1909f56bfc062723c751e8b465ee728b)  -> (artifact id: '67645d00ce7788713b86a9cc90e06218') in 0.019075 seconds
Number of updated asset objects reloaded before import = 0
Number of asset objects unloaded after import = 4
========================================================================
Received Import Request.
  Time since last request: 0.000016 seconds.
  path: Assets/UnityChan/Models/Materials/eye_L1.mat
  artifactKey: Guid(4987862c1c195e74c86994ba4bcbd812) Importer(815301076,1909f56bfc062723c751e8b465ee728b)
Start importing Assets/UnityChan/Models/Materials/eye_L1.mat using Guid(4987862c1c195e74c86994ba4bcbd812) Importer(815301076,1909f56bfc062723c751e8b465ee728b)  -> (artifact id: '3740b3a7cbeb83f39622e8b0529fa87b') in 0.015967 seconds
Number of updated asset objects reloaded before import = 0
Number of asset objects unloaded after import = 4
========================================================================
Received Import Request.
  Time since last request: 0.000018 seconds.
  path: Assets/UnityChan/Animations/unitychan_RUN00_L.fbx
  artifactKey: Guid(dc7b7dc0360ab494ea2e7625162c6ca3) Importer(815301076,1909f56bfc062723c751e8b465ee728b)
Start importing Assets/UnityChan/Animations/unitychan_RUN00_L.fbx using Guid(dc7b7dc0360ab494ea2e7625162c6ca3) Importer(815301076,1909f56bfc062723c751e8b465ee728b)  -> (artifact id: '2e248acdbb81987fba6afc47bda3b443') in 0.065226 seconds
Number of updated asset objects reloaded before import = 0
Number of asset objects unloaded after import = 325
========================================================================
Received Import Request.
  Time since last request: 0.000024 seconds.
  path: Assets/UnityChan/Animations/unitychan_JUMP00.fbx
  artifactKey: Guid(ac75d16809dc0054d8e3449e7ba665f2) Importer(815301076,1909f56bfc062723c751e8b465ee728b)
Start importing Assets/UnityChan/Animations/unitychan_JUMP00.fbx using Guid(ac75d16809dc0054d8e3449e7ba665f2) Importer(815301076,1909f56bfc062723c751e8b465ee728b)  -> (artifact id: 'a49927e5f2f7a026ad3c6e16c16f0957') in 0.063315 seconds
Number of updated asset objects reloaded before import = 0
Number of asset objects unloaded after import = 325
========================================================================
Received Import Request.
  Time since last request: 0.000025 seconds.
  path: Assets/UnityChan/Models/UnityChanShader/Materials/eyebase.mat
  artifactKey: Guid(c7d8484a18b294b4ea192d6a82f2e0d5) Importer(815301076,1909f56bfc062723c751e8b465ee728b)
Start importing Assets/UnityChan/Models/UnityChanShader/Materials/eyebase.mat using Guid(c7d8484a18b294b4ea192d6a82f2e0d5) Importer(815301076,1909f56bfc062723c751e8b465ee728b)  -> (artifact id: 'cc6973fc71350fce01b2959d2d7ec51b') in 0.015088 seconds
Number of updated asset objects reloaded before import = 0
Number of asset objects unloaded after import = 4
========================================================================
Received Import Request.
  Time since last request: 0.000017 seconds.
  path: Assets/Graphics/Materials/Block.mat
  artifactKey: Guid(7d625d65eda0bab4c9fc10c4646ed50c) Importer(815301076,1909f56bfc062723c751e8b465ee728b)
Start importing Assets/Graphics/Materials/Block.mat using Guid(7d625d65eda0bab4c9fc10c4646ed50c) Importer(815301076,1909f56bfc062723c751e8b465ee728b)  -> (artifact id: 'b759915c97bf818af8099c47751642ad') in 0.015342 seconds
Number of updated asset objects reloaded before import = 0
Number of asset objects unloaded after import = 2
========================================================================
Received Import Request.
  Time since last request: 0.000019 seconds.
  path: Assets/UnityChan/Animations/unitychan_WAIT02.fbx
  artifactKey: Guid(e54e2e1fa0a994b389fe0654511fac47) Importer(815301076,1909f56bfc062723c751e8b465ee728b)
Start importing Assets/UnityChan/Animations/unitychan_WAIT02.fbx using Guid(e54e2e1fa0a994b389fe0654511fac47) Importer(815301076,1909f56bfc062723c751e8b465ee728b)  -> (artifact id: '24106dfe5e8653df815892b2d08ac4f2') in 0.066538 seconds
Number of updated asset objects reloaded before import = 0
Number of asset objects unloaded after import = 325
========================================================================
Received Import Request.
  Time since last request: 0.000015 seconds.
  path: Assets/UnityChan/Models/UnityChanShader/Materials/body_P2.mat
  artifactKey: Guid(e2811e475e9fa6241a8af2f77f66ae28) Importer(815301076,1909f56bfc062723c751e8b465ee728b)
Start importing Assets/UnityChan/Models/UnityChanShader/Materials/body_P2.mat using Guid(e2811e475e9fa6241a8af2f77f66ae28) Importer(815301076,1909f56bfc062723c751e8b465ee728b)  -> (artifact id: '8de9c7465498116d3f46a3436f9d97c5') in 0.017972 seconds
Number of updated asset objects reloaded before import = 0
Number of asset objects unloaded after import = 7
Editor requested this worker to shutdown with reason: Scaling down because of idle timeout
TcpMessagingSession - receive error: operation aborted. errorcode: 995, details: 스레드 종료 또는 응용 프로그램 요청 때문에 I/O 작업이 취소되었습니다.
AssetImportWorker is now disconnected from the server
Process exiting
Exiting without the bug reporter. Application will terminate with return code 0